Arguments: 
  /usr/local/bin/node /Users/dantelentsoe/.yarn/bin/yarn.js

PATH: 
  /Users/dantelentsoe/.yarn/bin:/Users/dantelentsoe/.config/yarn/global/node_modules/.bin:/usr/local/bin:/usr/bin:/bin:/usr/sbin:/sbin:/Library/Apple/usr/bin:/Users/dantelentsoe/.yarn/bin:/Users/dantelentsoe/.config/yarn/global/node_modules/.bin:/Users/dantelentsoe/opt/anaconda3/bin:/Users/dantelentsoe/opt/anaconda3/condabin

Yarn version: 
  1.22.18

Node version: 
  16.14.0

Platform: 
  darwin arm64

Trace: 
  Error: getaddrinfo ENOTFOUND registry.yarnpkg.com
      at GetAddrInfoReqWrap.onlookup [as oncomplete] (node:dns:71:26)

npm manifest: 
  {
    "name": "rncourse",
    "version": "1.0.0",
    "main": "node_modules/expo/AppEntry.js",
    "scripts": {
      "start": "expo start",
      "android": "expo start --android",
      "ios": "expo start --ios",
      "web": "expo start --web",
      "eject": "expo eject"
    },
    "dependencies": {
      "@react-navigation/drawer": "^6.3.1",
      "@react-navigation/native": "^6.0.8",
      "@react-navigation/native-stack": "^6.5.0",
      "expo": "~44.0.0",
      "expo-status-bar": "~1.2.0",
      "react": "17.0.1",
      "react-dom": "17.0.1",
      "react-native": "0.64.3",
      "react-native-gesture-handler": "~2.1.0",
      "react-native-reanimated": "1.13.4",
      "react-native-safe-area-context": "3.3.2",
      "react-native-screens": "~3.10.1",
      "react-native-web": "0.17.1"
    },
    "devDependencies": {
      "@babel/core": "^7.12.9"
    },
    "private": true
  }

yarn manifest: 
  No manifest

Lockfile: 
  No lockfile
